Streaming transaction logs mentioning 8RU51UBAQKVBRiAJCEsEUbq331ruTp7KF61ranWott1j. Confirmed commitment
Transaction executed in slot 97028:
  Signature: 5rNCytpcTS6B3Fj4CEVgBaZCxcevsSavCNSn3mTSkR53rQoo576kPZzscL5yCihDNBxeT6NTYdMyRGU7ics6574B
  Status: Ok
  Log Messages:
    Program A5nx6XK7PvhxhyzXNtY5ARGCC1WLymkuLKeBYNg78U4q invoke [1]
    Program log: Instruction: InitHookAccounts
    Program 8RU51UBAQKVBRiAJCEsEUbq331ruTp7KF61ranWott1j invoke [2]
    Program log: Instruction: InitializeExtraAccountMetaList
    Program 11111111111111111111111111111111 invoke [3]
    Program 11111111111111111111111111111111 success
    Program 8RU51UBAQKVBRiAJCEsEUbq331ruTp7KF61ranWott1j consumed 8087 of 193318 compute units
    Program 8RU51UBAQKVBRiAJCEsEUbq331ruTp7KF61ranWott1j success
    Program log: Transfer hook ExtraAccountMetaList initialized
    Program A5nx6XK7PvhxhyzXNtY5ARGCC1WLymkuLKeBYNg78U4q consumed 15251 of 200000 compute units
    Program A5nx6XK7PvhxhyzXNtY5ARGCC1WLymkuLKeBYNg78U4q success
Transaction executed in slot 97046:
  Signature: X6tp1TMGaGHXt7iRosrs6pDn3xhj8qXpKMegcYMm8E4qszsjUHW2FAY6raksX2dHsjRVJ58RXLEmHKQ4eDJj4tu
  Status: Ok
  Log Messages:
    Program TokenzQdBNbLqP5VEhdkAS6EPFLC1PHnBqCXEpPxuEb invoke [1]
    Program log: Instruction: TransferChecked
    Program 8RU51UBAQKVBRiAJCEsEUbq331ruTp7KF61ranWott1j invoke [2]
    Program log: === Transfer Hook Fallback Entry ===
    Program log: Accounts received: 9
    Program log: Execute instruction - amount: 500000
    Program log: Account count OK: 9
    Program log: Account count OK: 9
    Program log: Mint: DeD818nP8hMYeDcVNjjhSMKkY5o6bgeStmLWzgSihUtN
    Program log: Authority: Evg6dZRM2nydirtfePcKMzJXLthkznTR2x5Mi1Qei22z
    Program log: SSS Token Program: A5nx6XK7PvhxhyzXNtY5ARGCC1WLymkuLKeBYNg78U4q
    Program log: Stablecoin Config: Hqv6HipEcXUJWvkyC81DzNAg9M6wa9x5jUvk5uVH8Fc9
    Program log: Source Blacklist: Gs31jDFEgRma1YtskqcY6RhsLaJGQotWgVo2ydjUE6Hk
    Program log: Dest Blacklist: F9FWSXngxEucVSakmCqwd3oGpnmCZMide2waFkiZMgAD
    Program log: Expected meta PDA: 6M7seaqrUZWWJyD8yYyMrdnnznqbxcv4MahqTNkVZ5fS
    Program log: Actual meta PDA: 6M7seaqrUZWWJyD8yYyMrdnnznqbxcv4MahqTNkVZ5fS
    Program log: Meta PDA validated
    Program log: Expected config PDA for bypass: Hqv6HipEcXUJWvkyC81DzNAg9M6wa9x5jUvk5uVH8Fc9
    Program log: Is seize operation (bypass): false
    Program log: Checking blacklists...
    Program log: Source blacklist data_len: 0
    Program log: Dest blacklist data_len: 0
    Program log: ✓ ALLOW: Both parties clear, transfer allowed
    Program 8RU51UBAQKVBRiAJCEsEUbq331ruTp7KF61ranWott1j consumed 27437 of 176582 compute units
    Program 8RU51UBAQKVBRiAJCEsEUbq331ruTp7KF61ranWott1j success
    Program TokenzQdBNbLqP5VEhdkAS6EPFLC1PHnBqCXEpPxuEb consumed 51633 of 200000 compute units
    Program TokenzQdBNbLqP5VEhdkAS6EPFLC1PHnBqCXEpPxuEb success
Transaction executed in slot 97051:
  Signature: 3MidPeMzWvX8UNcoT4zBGHGURrrxzMtmwsFVLuY5p5Mr44yS2ZA7mrjeF7c5TuzbyaCc5oP7QKkgzMDnFMg7tX5t
  Status: Ok
  Log Messages:
    Program TokenzQdBNbLqP5VEhdkAS6EPFLC1PHnBqCXEpPxuEb invoke [1]
    Program log: Instruction: TransferChecked
    Program 8RU51UBAQKVBRiAJCEsEUbq331ruTp7KF61ranWott1j invoke [2]
    Program log: === Transfer Hook Fallback Entry ===
    Program log: Accounts received: 9
    Program log: Execute instruction - amount: 100
    Program log: Account count OK: 9
    Program log: Account count OK: 9
    Program log: Mint: DeD818nP8hMYeDcVNjjhSMKkY5o6bgeStmLWzgSihUtN
    Program log: Authority: Evg6dZRM2nydirtfePcKMzJXLthkznTR2x5Mi1Qei22z
    Program log: SSS Token Program: A5nx6XK7PvhxhyzXNtY5ARGCC1WLymkuLKeBYNg78U4q
    Program log: Stablecoin Config: Hqv6HipEcXUJWvkyC81DzNAg9M6wa9x5jUvk5uVH8Fc9
    Program log: Source Blacklist: Gs31jDFEgRma1YtskqcY6RhsLaJGQotWgVo2ydjUE6Hk
    Program log: Dest Blacklist: F9FWSXngxEucVSakmCqwd3oGpnmCZMide2waFkiZMgAD
    Program log: Expected meta PDA: 6M7seaqrUZWWJyD8yYyMrdnnznqbxcv4MahqTNkVZ5fS
    Program log: Actual meta PDA: 6M7seaqrUZWWJyD8yYyMrdnnznqbxcv4MahqTNkVZ5fS
    Program log: Meta PDA validated
    Program log: Expected config PDA for bypass: Hqv6HipEcXUJWvkyC81DzNAg9M6wa9x5jUvk5uVH8Fc9
    Program log: Is seize operation (bypass): false
    Program log: Checking blacklists...
    Program log: Source blacklist data_len: 0
    Program log: Dest blacklist data_len: 0
    Program log: ✓ ALLOW: Both parties clear, transfer allowed
    Program 8RU51UBAQKVBRiAJCEsEUbq331ruTp7KF61ranWott1j consumed 27411 of 176582 compute units
    Program 8RU51UBAQKVBRiAJCEsEUbq331ruTp7KF61ranWott1j success
    Program TokenzQdBNbLqP5VEhdkAS6EPFLC1PHnBqCXEpPxuEb consumed 51607 of 200000 compute units
    Program TokenzQdBNbLqP5VEhdkAS6EPFLC1PHnBqCXEpPxuEb success
Transaction executed in slot 97054:
  Signature: aJatquNNB4an8PQEFALrrPrE2oQqHMtp9xfqBB47qckrudZGNN6CRShNQVeR6kh6euHLg75Tw73B29cq8xSru2Z
  Status: Ok
  Log Messages:
    Program A5nx6XK7PvhxhyzXNtY5ARGCC1WLymkuLKeBYNg78U4q invoke [1]
    Program log: Instruction: Seize
    Program log: Adding 3 remaining accounts (config + blacklists)
    Program log: Total additional accounts passed to Token-2022 helper: 6
    Program TokenzQdBNbLqP5VEhdkAS6EPFLC1PHnBqCXEpPxuEb invoke [2]
    Program log: Instruction: TransferChecked
    Program 8RU51UBAQKVBRiAJCEsEUbq331ruTp7KF61ranWott1j invoke [3]
    Program log: === Transfer Hook Fallback Entry ===
    Program log: Accounts received: 9
    Program log: Execute instruction - amount: 2000000
    Program log: Account count OK: 9
    Program log: Account count OK: 9
    Program log: Mint: DeD818nP8hMYeDcVNjjhSMKkY5o6bgeStmLWzgSihUtN
    Program log: Authority: Hqv6HipEcXUJWvkyC81DzNAg9M6wa9x5jUvk5uVH8Fc9
    Program log: SSS Token Program: A5nx6XK7PvhxhyzXNtY5ARGCC1WLymkuLKeBYNg78U4q
    Program log: Stablecoin Config: Hqv6HipEcXUJWvkyC81DzNAg9M6wa9x5jUvk5uVH8Fc9
    Program log: Source Blacklist: Gs31jDFEgRma1YtskqcY6RhsLaJGQotWgVo2ydjUE6Hk
    Program log: Dest Blacklist: DavzyVmKgqapM7jbWfkVfDao26npwMcAazF34EkK4fE6
    Program log: Expected meta PDA: 6M7seaqrUZWWJyD8yYyMrdnnznqbxcv4MahqTNkVZ5fS
    Program log: Actual meta PDA: 6M7seaqrUZWWJyD8yYyMrdnnznqbxcv4MahqTNkVZ5fS
    Program log: Meta PDA validated
    Program log: Expected config PDA for bypass: Hqv6HipEcXUJWvkyC81DzNAg9M6wa9x5jUvk5uVH8Fc9
    Program log: Is seize operation (bypass): true
    Program log: ✓ BYPASS: Permanent delegate seize operation detected
    Program 8RU51UBAQKVBRiAJCEsEUbq331ruTp7KF61ranWott1j consumed 26346 of 144474 compute units
    Program 8RU51UBAQKVBRiAJCEsEUbq331ruTp7KF61ranWott1j success
    Program TokenzQdBNbLqP5VEhdkAS6EPFLC1PHnBqCXEpPxuEb consumed 50412 of 167780 compute units
    Program TokenzQdBNbLqP5VEhdkAS6EPFLC1PHnBqCXEpPxuEb success
    Program data: M4GDcs7qjHr6QuZpNyv7dxA/ndwwaNW1QpH/g0HUPJIvjR3mx3v9hrvUcCERn8UPHBmSEVagkkKiqUKfxeWLQ2SXLhYFEyYf4H/jnL4OOF0A7R77HpCdPVdN4v6akNw/iORn7Z4x1RzO5+uNbSfDu+1h/dNFfSvyzCihVHD2fmdPnWAuX/ihL74XjYfvp1uPjkJR4kYgcyGh0epGJi6JTjyzvLqdt9b1gIQeAAAAAABgyqqKCyaYW9ii6Rb8PvCUZ4FvoEWL5jSJyLuVYKPLsauitGkAAAAA
    Program A5nx6XK7PvhxhyzXNtY5ARGCC1WLymkuLKeBYNg78U4q consumed 84217 of 200000 compute units
    Program A5nx6XK7PvhxhyzXNtY5ARGCC1WLymkuLKeBYNg78U4q success
Transaction executed in slot 97056:
  Signature: 43BYaVP5tUSmwJtDoV3FgabpF6QuCjogcEMxmXqxonMFTFjhVZm6iYUc1R2vHjAzW9XiYf45Bx1KBeTMXcg5gUpX
  Status: Ok
  Log Messages:
    Program A5nx6XK7PvhxhyzXNtY5ARGCC1WLymkuLKeBYNg78U4q invoke [1]
    Program log: Instruction: Seize
    Program log: Adding 3 remaining accounts (config + blacklists)
    Program log: Total additional accounts passed to Token-2022 helper: 6
    Program TokenzQdBNbLqP5VEhdkAS6EPFLC1PHnBqCXEpPxuEb invoke [2]
    Program log: Instruction: TransferChecked
    Program 8RU51UBAQKVBRiAJCEsEUbq331ruTp7KF61ranWott1j invoke [3]
    Program log: === Transfer Hook Fallback Entry ===
    Program log: Accounts received: 9
    Program log: Execute instruction - amount: 100
    Program log: Account count OK: 9
    Program log: Account count OK: 9
    Program log: Mint: DeD818nP8hMYeDcVNjjhSMKkY5o6bgeStmLWzgSihUtN
    Program log: Authority: Hqv6HipEcXUJWvkyC81DzNAg9M6wa9x5jUvk5uVH8Fc9
    Program log: SSS Token Program: A5nx6XK7PvhxhyzXNtY5ARGCC1WLymkuLKeBYNg78U4q
    Program log: Stablecoin Config: Hqv6HipEcXUJWvkyC81DzNAg9M6wa9x5jUvk5uVH8Fc9
    Program log: Source Blacklist: Gs31jDFEgRma1YtskqcY6RhsLaJGQotWgVo2ydjUE6Hk
    Program log: Dest Blacklist: DavzyVmKgqapM7jbWfkVfDao26npwMcAazF34EkK4fE6
    Program log: Expected meta PDA: 6M7seaqrUZWWJyD8yYyMrdnnznqbxcv4MahqTNkVZ5fS
    Program log: Actual meta PDA: 6M7seaqrUZWWJyD8yYyMrdnnznqbxcv4MahqTNkVZ5fS
    Program log: Meta PDA validated
    Program log: Expected config PDA for bypass: Hqv6HipEcXUJWvkyC81DzNAg9M6wa9x5jUvk5uVH8Fc9
    Program log: Is seize operation (bypass): true
    Program log: ✓ BYPASS: Permanent delegate seize operation detected
    Program 8RU51UBAQKVBRiAJCEsEUbq331ruTp7KF61ranWott1j consumed 26311 of 144472 compute units
    Program 8RU51UBAQKVBRiAJCEsEUbq331ruTp7KF61ranWott1j success
    Program TokenzQdBNbLqP5VEhdkAS6EPFLC1PHnBqCXEpPxuEb consumed 50377 of 167778 compute units
    Program TokenzQdBNbLqP5VEhdkAS6EPFLC1PHnBqCXEpPxuEb success
    Program data: M4GDcs7qjHr6QuZpNyv7dxA/ndwwaNW1QpH/g0HUPJIvjR3mx3v9hrvUcCERn8UPHBmSEVagkkKiqUKfxeWLQ2SXLhYFEyYf4H/jnL4OOF0A7R77HpCdPVdN4v6akNw/iORn7Z4x1RzO5+uNbSfDu+1h/dNFfSvyzCihVHD2fmdPnWAuX/ihL74XjYfvp1uPjkJR4kYgcyGh0epGJi6JTjyzvLqdt9b1ZAAAAAAAAAAwpE7EVb119O4e1GFrFO6gPw0VfRdo/Vy82tucIKY1ia2itGkAAAAA
    Program A5nx6XK7PvhxhyzXNtY5ARGCC1WLymkuLKeBYNg78U4q consumed 84184 of 200000 compute units
    Program A5nx6XK7PvhxhyzXNtY5ARGCC1WLymkuLKeBYNg78U4q success
Transaction executed in slot 97059:
  Signature: 3ph3aAnVeiX1PBAWXx8vZeibfzJHamAdbGzDJZVb3FLNQ9tsEPEQSbZCsgYedAifXfoKvpuDEgdaAVUPzC8rjgK
  Status: Ok
  Log Messages:
    Program TokenzQdBNbLqP5VEhdkAS6EPFLC1PHnBqCXEpPxuEb invoke [1]
    Program log: Instruction: TransferChecked
    Program 8RU51UBAQKVBRiAJCEsEUbq331ruTp7KF61ranWott1j invoke [2]
    Program log: === Transfer Hook Fallback Entry ===
    Program log: Accounts received: 9
    Program log: Execute instruction - amount: 3000000
    Program log: Account count OK: 9
    Program log: Account count OK: 9
    Program log: Mint: DeD818nP8hMYeDcVNjjhSMKkY5o6bgeStmLWzgSihUtN
    Program log: Authority: Evg6dZRM2nydirtfePcKMzJXLthkznTR2x5Mi1Qei22z
    Program log: SSS Token Program: A5nx6XK7PvhxhyzXNtY5ARGCC1WLymkuLKeBYNg78U4q
    Program log: Stablecoin Config: Hqv6HipEcXUJWvkyC81DzNAg9M6wa9x5jUvk5uVH8Fc9
    Program log: Source Blacklist: Gs31jDFEgRma1YtskqcY6RhsLaJGQotWgVo2ydjUE6Hk
    Program log: Dest Blacklist: F9FWSXngxEucVSakmCqwd3oGpnmCZMide2waFkiZMgAD
    Program log: Expected meta PDA: 6M7seaqrUZWWJyD8yYyMrdnnznqbxcv4MahqTNkVZ5fS
    Program log: Actual meta PDA: 6M7seaqrUZWWJyD8yYyMrdnnznqbxcv4MahqTNkVZ5fS
    Program log: Meta PDA validated
    Program log: Expected config PDA for bypass: Hqv6HipEcXUJWvkyC81DzNAg9M6wa9x5jUvk5uVH8Fc9
    Program log: Is seize operation (bypass): false
    Program log: Checking blacklists...
    Program log: Source blacklist data_len: 0
    Program log: Dest blacklist data_len: 0
    Program log: ✓ ALLOW: Both parties clear, transfer allowed
    Program 8RU51UBAQKVBRiAJCEsEUbq331ruTp7KF61ranWott1j consumed 27446 of 176582 compute units
    Program 8RU51UBAQKVBRiAJCEsEUbq331ruTp7KF61ranWott1j success
    Program TokenzQdBNbLqP5VEhdkAS6EPFLC1PHnBqCXEpPxuEb consumed 51642 of 200000 compute units
    Program TokenzQdBNbLqP5VEhdkAS6EPFLC1PHnBqCXEpPxuEb success
Transaction executed in slot 97061:
  Signature: 4UdEuGjtMDsPS4yVCL53mjPQgiMm52K98DR2HeZzfyAXd32nqScME1kcTXUtq5f458TD5Qz1zg3SXTjKZLzPqXCH
  Status: Ok
  Log Messages:
    Program A5nx6XK7PvhxhyzXNtY5ARGCC1WLymkuLKeBYNg78U4q invoke [1]
    Program log: Instruction: Seize
    Program log: Adding 3 remaining accounts (config + blacklists)
    Program log: Total additional accounts passed to Token-2022 helper: 6
    Program TokenzQdBNbLqP5VEhdkAS6EPFLC1PHnBqCXEpPxuEb invoke [2]
    Program log: Instruction: TransferChecked
    Program 8RU51UBAQKVBRiAJCEsEUbq331ruTp7KF61ranWott1j invoke [3]
    Program log: === Transfer Hook Fallback Entry ===
    Program log: Accounts received: 9
    Program log: Execute instruction - amount: 20499800
    Program log: Account count OK: 9
    Program log: Account count OK: 9
    Program log: Mint: DeD818nP8hMYeDcVNjjhSMKkY5o6bgeStmLWzgSihUtN
    Program log: Authority: Hqv6HipEcXUJWvkyC81DzNAg9M6wa9x5jUvk5uVH8Fc9
    Program log: SSS Token Program: A5nx6XK7PvhxhyzXNtY5ARGCC1WLymkuLKeBYNg78U4q
    Program log: Stablecoin Config: Hqv6HipEcXUJWvkyC81DzNAg9M6wa9x5jUvk5uVH8Fc9
    Program log: Source Blacklist: Gs31jDFEgRma1YtskqcY6RhsLaJGQotWgVo2ydjUE6Hk
    Program log: Dest Blacklist: DavzyVmKgqapM7jbWfkVfDao26npwMcAazF34EkK4fE6
    Program log: Expected meta PDA: 6M7seaqrUZWWJyD8yYyMrdnnznqbxcv4MahqTNkVZ5fS
    Program log: Actual meta PDA: 6M7seaqrUZWWJyD8yYyMrdnnznqbxcv4MahqTNkVZ5fS
    Program log: Meta PDA validated
    Program log: Expected config PDA for bypass: Hqv6HipEcXUJWvkyC81DzNAg9M6wa9x5jUvk5uVH8Fc9
    Program log: Is seize operation (bypass): true
    Program log: ✓ BYPASS: Permanent delegate seize operation detected
    Program 8RU51UBAQKVBRiAJCEsEUbq331ruTp7KF61ranWott1j consumed 26350 of 144474 compute units
    Program 8RU51UBAQKVBRiAJCEsEUbq331ruTp7KF61ranWott1j success
    Program TokenzQdBNbLqP5VEhdkAS6EPFLC1PHnBqCXEpPxuEb consumed 50416 of 167780 compute units
    Program TokenzQdBNbLqP5VEhdkAS6EPFLC1PHnBqCXEpPxuEb success
    Program data: M4GDcs7qjHr6QuZpNyv7dxA/ndwwaNW1QpH/g0HUPJIvjR3mx3v9hrvUcCERn8UPHBmSEVagkkKiqUKfxeWLQ2SXLhYFEyYf4H/jnL4OOF0A7R77HpCdPVdN4v6akNw/iORn7Z4x1RzO5+uNbSfDu+1h/dNFfSvyzCihVHD2fmdPnWAuX/ihL74XjYfvp1uPjkJR4kYgcyGh0epGJi6JTjyzvLqdt9b1WM04AQAAAABgyqqKCyaYW9ii6Rb8PvCUZ4FvoEWL5jSJyLuVYKPLsbKitGkAAAAA
    Program A5nx6XK7PvhxhyzXNtY5ARGCC1WLymkuLKeBYNg78U4q consumed 84221 of 200000 compute units
    Program A5nx6XK7PvhxhyzXNtY5ARGCC1WLymkuLKeBYNg78U4q success
Transaction executed in slot 97064:
  Signature: 2qoQV43ZVQPu4XpAB5wEEHD9TeATZWX6keYnofBQHyuF96DC6ZqbBbXxMinf6wfHcRHaEGZ5HvUUMues29Q3xnTr
  Status: Ok
  Log Messages:
    Program TokenzQdBNbLqP5VEhdkAS6EPFLC1PHnBqCXEpPxuEb invoke [1]
    Program log: Instruction: TransferChecked
    Program 8RU51UBAQKVBRiAJCEsEUbq331ruTp7KF61ranWott1j invoke [2]
    Program log: === Transfer Hook Fallback Entry ===
    Program log: Accounts received: 9
    Program log: Execute instruction - amount: 100000
    Program log: Account count OK: 9
    Program log: Account count OK: 9
    Program log: Mint: DeD818nP8hMYeDcVNjjhSMKkY5o6bgeStmLWzgSihUtN
    Program log: Authority: Evg6dZRM2nydirtfePcKMzJXLthkznTR2x5Mi1Qei22z
    Program log: SSS Token Program: A5nx6XK7PvhxhyzXNtY5ARGCC1WLymkuLKeBYNg78U4q
    Program log: Stablecoin Config: Hqv6HipEcXUJWvkyC81DzNAg9M6wa9x5jUvk5uVH8Fc9
    Program log: Source Blacklist: Gs31jDFEgRma1YtskqcY6RhsLaJGQotWgVo2ydjUE6Hk
    Program log: Dest Blacklist: F9FWSXngxEucVSakmCqwd3oGpnmCZMide2waFkiZMgAD
    Program log: Expected meta PDA: 6M7seaqrUZWWJyD8yYyMrdnnznqbxcv4MahqTNkVZ5fS
    Program log: Actual meta PDA: 6M7seaqrUZWWJyD8yYyMrdnnznqbxcv4MahqTNkVZ5fS
    Program log: Meta PDA validated
    Program log: Expected config PDA for bypass: Hqv6HipEcXUJWvkyC81DzNAg9M6wa9x5jUvk5uVH8Fc9
    Program log: Is seize operation (bypass): false
    Program log: Checking blacklists...
    Program log: Source blacklist data_len: 0
    Program log: Dest blacklist data_len: 0
    Program log: ✓ ALLOW: Both parties clear, transfer allowed
    Program 8RU51UBAQKVBRiAJCEsEUbq331ruTp7KF61ranWott1j consumed 27437 of 176582 compute units
    Program 8RU51UBAQKVBRiAJCEsEUbq331ruTp7KF61ranWott1j success
    Program TokenzQdBNbLqP5VEhdkAS6EPFLC1PHnBqCXEpPxuEb consumed 51633 of 200000 compute units
    Program TokenzQdBNbLqP5VEhdkAS6EPFLC1PHnBqCXEpPxuEb success
